<?xml version="1.0" encoding="UTF-8"?>
<testng-results ignored="0" total="1" passed="0" failed="1" skipped="0">
  <reporter-output>
    <line>
      <![CDATA[adobe web page is Opened]]>
    </line>
    <line>
      <![CDATA[adobe web page is Opened]]>
    </line>
  </reporter-output>
  <suite started-at="2023-09-24T00:04:51 BST" name="Suite" finished-at="2023-09-24T00:05:02 BST" duration-ms="11332">
    <groups>
    </groups>
    <test started-at="2023-09-24T00:04:51 BST" name="Test" finished-at="2023-09-24T00:05:02 BST" duration-ms="11332">
      <class name="testng.TC_adobe_3">
        <test-method is-config="true" signature="configBrowser(java.lang.String, java.lang.String)[pri:0, instance:testng.TC_adobe_3@dd0c991]" started-at="2023-09-24T00:04:51 BST" name="configBrowser" finished-at="2023-09-24T00:05:02 BST" duration-ms="11292" status="PASS">
          <params>
            <param index="0">
              <value>
                <![CDATA[http://www.adobephotoshop.com/]]>
              </value>
            </param>
            <param index="1">
              <value>
                <![CDATA[chrome]]>
              </value>
            </param>
          </params>
          <reporter-output>
          </reporter-output>
        </test-method> <!-- configBrowser -->
        <test-method signature="adobeLoading()[pri:0, instance:testng.TC_adobe_3@dd0c991]" started-at="2023-09-24T00:05:02 BST" name="adobeLoading" finished-at="2023-09-24T00:05:02 BST" duration-ms="6" status="FAIL">
          <exception class="java.lang.NullPointerException">
            <message>
              <![CDATA[Cannot invoke "org.openqa.selenium.WebDriver.quit()" because "this.driver" is null]]>
            </message>
            <full-stacktrace>
              <![CDATA[java.lang.NullPointerException: Cannot invoke "org.openqa.selenium.WebDriver.quit()" because "this.driver" is null
at testng.TC_adobe_3.adobeLoading(TC_adobe_3.java:24)
at java.base/jdk.internal.reflect.NativeMethodAccessorImpl.invoke0(Native Method)
at java.base/jdk.internal.reflect.NativeMethodAccessorImpl.invoke(NativeMethodAccessorImpl.java:77)
at java.base/jdk.internal.reflect.DelegatingMethodAccessorImpl.invoke(DelegatingMethodAccessorImpl.java:43)
at java.base/java.lang.reflect.Method.invoke(Method.java:568)
at org.testng.internal.MethodInvocationHelper.invokeMethod(MethodInvocationHelper.java:133)
at org.testng.internal.TestInvoker.invokeMethod(TestInvoker.java:584)
at org.testng.internal.TestInvoker.invokeTestMethod(TestInvoker.java:172)
at org.testng.internal.MethodRunner.runInSequence(MethodRunner.java:46)
at org.testng.internal.TestInvoker$MethodInvocationAgent.invoke(TestInvoker.java:804)
at org.testng.internal.TestInvoker.invokeTestMethods(TestInvoker.java:145)
at org.testng.internal.TestMethodWorker.invokeTestMethods(TestMethodWorker.java:146)
at org.testng.internal.TestMethodWorker.run(TestMethodWorker.java:128)
at java.base/java.util.ArrayList.forEach(ArrayList.java:1511)
at org.testng.TestRunner.privateRun(TestRunner.java:770)
at org.testng.TestRunner.run(TestRunner.java:591)
at org.testng.SuiteRunner.runTest(SuiteRunner.java:402)
at org.testng.SuiteRunner.runSequentially(SuiteRunner.java:396)
at org.testng.SuiteRunner.privateRun(SuiteRunner.java:355)
at org.testng.SuiteRunner.run(SuiteRunner.java:304)
at org.testng.SuiteRunnerWorker.runSuite(SuiteRunnerWorker.java:53)
at org.testng.SuiteRunnerWorker.run(SuiteRunnerWorker.java:96)
at org.testng.TestNG.runSuitesSequentially(TestNG.java:1180)
at org.testng.TestNG.runSuitesLocally(TestNG.java:1102)
at org.testng.TestNG.runSuites(TestNG.java:1032)
at org.testng.TestNG.run(TestNG.java:1000)
at org.testng.remote.AbstractRemoteTestNG.run(AbstractRemoteTestNG.java:115)
at org.testng.remote.RemoteTestNG.initAndRun(RemoteTestNG.java:251)
at org.testng.remote.RemoteTestNG.main(RemoteTestNG.java:77)
]]>
            </full-stacktrace>
          </exception> <!-- java.lang.NullPointerException -->
          <reporter-output>
            <line>
              <![CDATA[adobe web page is Opened]]>
            </line>
            <line>
              <![CDATA[adobe web page is Opened]]>
            </line>
          </reporter-output>
        </test-method> <!-- adobeLoading -->
      </class> <!-- testng.TC_adobe_3 -->
    </test> <!-- Test -->
  </suite> <!-- Suite -->
</testng-results>
