<?xml version="1.0" encoding="UTF-8"?>
<!-- Generated by org.testng.reporters.JUnitXMLReporter -->
<testsuite ignored="0" hostname="AK" failures="1" tests="1" name="Test" time="11.332" errors="0" timestamp="2023-09-24T00:05:02 BST">
  <testcase classname="testng.TC_adobe_3" name="adobeLoading" time="0.006">
    <failure type="java.lang.NullPointerException" message="Cannot invoke &amp;quot;org.openqa.selenium.WebDriver.quit()&amp;quot; because &amp;quot;this.driver&amp;quot; is null">
      <![CDATA[java.lang.NullPointerException: Cannot invoke "org.openqa.selenium.WebDriver.quit()" because "this.driver" is null
at testng.TC_adobe_3.adobeLoading(TC_adobe_3.java:24)
at java.base/java.util.ArrayList.forEach(ArrayList.java:1511)
... Removed 27 stack frames]]>
    </failure>
  </testcase> <!-- adobeLoading -->
</testsuite> <!-- Test -->
