<?xml version="1.0" encoding="UTF-8"?>
<testng-results ignored="0" total="1" passed="1" failed="0" skipped="0">
  <reporter-output>
  </reporter-output>
  <suite started-at="2023-10-04T17:40:25 BST" name="Default suite" finished-at="2023-10-04T17:40:34 BST" duration-ms="9080">
    <groups>
    </groups>
    <test started-at="2023-10-04T17:40:25 BST" name="Default test" finished-at="2023-10-04T17:40:34 BST" duration-ms="9080">
      <class name="TestCases.TC_001_Test">
        <test-method signature="Login()[pri:0, instance:TestCases.TC_001_Test@1613674b]" started-at="2023-10-04T17:40:25 BST" name="Login" finished-at="2023-10-04T17:40:34 BST" duration-ms="9046" status="PASS">
          <reporter-output>
          </reporter-output>
        </test-method> <!-- Login -->
      </class> <!-- TestCases.TC_001_Test -->
    </test> <!-- Default test -->
  </suite> <!-- Default suite -->
</testng-results>
